<?xml version="1.0" encoding="UTF-8"?>
<!-- Generated by org.testng.reporters.JUnitReportReporter -->
<testsuite hostname="selvakumarsMini" failures="0" tests="1" name="testcases.TextPage_Test" time="11.130" errors="0" timestamp="30 Jan 2024 18:12:21 GMT" skipped="0">
  <testcase classname="testcases.TextPage_Test" name="verify_TextMenu_Screen" time="11.130"/>
</testsuite> <!-- testcases.TextPage_Test -->
