<?xml version="1.0" encoding="UTF-8"?>
<!-- Generated by org.testng.reporters.JUnitReportReporter -->
<testsuite hostname="selvakumarsMini" failures="0" tests="1" name="testcases.LaunchApp_Test" time="20.490" errors="0" timestamp="29 Jan 2024 20:59:39 GMT" skipped="0">
  <testcase classname="testcases.LaunchApp_Test" name="launchApp" time="20.490"/>
</testsuite> <!-- testcases.LaunchApp_Test -->
