<?xml version="1.0" encoding="UTF-8"?>
<!-- Generated by org.testng.reporters.JUnitReportReporter -->
<testsuite hostname="selvakumarsMini" failures="0" tests="1" name="testcases.ContentPage_Test" time="12.384" errors="0" timestamp="30 Jan 2024 18:12:21 GMT" skipped="0">
  <testcase classname="testcases.ContentPage_Test" name="verify_ContentMenu_Screen" time="12.384"/>
</testsuite> <!-- testcases.ContentPage_Test -->
