<?xml version="1.0" encoding="UTF-8"?>
<!-- Generated by org.testng.reporters.JUnitReportReporter -->
<testsuite hostname="selvakumarsMini" failures="0" tests="2" name="testcases.HomePage_Test" time="13.743" errors="0" timestamp="30 Jan 2024 18:12:21 GMT" skipped="1">
  <testcase classname="testcases.HomePage_Test" name="verify_DeviceAdminMenu" time="13.743"/>
  <testcase classname="testcases.HomePage_Test" name="verify_appLaunch">
    <skipped/>
  </testcase> <!-- verify_appLaunch -->
</testsuite> <!-- testcases.HomePage_Test -->
