<?xml version="1.0" encoding="UTF-8"?>
<!-- Generated by org.testng.reporters.JUnitReportReporter -->
<testsuite hostname="selvakumarsMini" failures="0" tests="1" name="testcases.TextPage_Test" time="13.264" errors="0" timestamp="30 Jan 2024 19:48:24 GMT" skipped="0">
  <testcase classname="testcases.TextPage_Test" name="verify_TextMenu_Screen" time="13.264"/>
</testsuite> <!-- testcases.TextPage_Test -->
